<?xml version="1.0" encoding="UTF-8"?>
<testng-results ignored="0" total="4" passed="4" failed="0" skipped="0">
  <reporter-output>
  </reporter-output>
  <suite started-at="2021-04-26T15:48:26 SGT" name="Test Suite" finished-at="2021-04-26T15:48:56 SGT" duration-ms="29854">
    <groups>
    </groups>
    <test started-at="2021-04-26T15:48:26 SGT" name="Place Order" finished-at="2021-04-26T15:48:51 SGT" duration-ms="25417">
      <class name="com.multisys.testcases.PlaceOrder">
        <test-method signature="addProductToCart(java.util.Hashtable)[pri:0, instance:com.multisys.testcases.PlaceOrder@2a2843ec]" started-at="2021-04-26T15:48:26 SGT" name="addProductToCart" data-provider="dp" finished-at="2021-04-26T15:48:32 SGT" duration-ms="6218" status="PASS">
          <params>
            <param index="0">
              <value>
                <![CDATA[{Quantity=2}]]>
              </value>
            </param>
          </params>
          <reporter-output>
          </reporter-output>
        </test-method> <!-- addProductToCart -->
        <test-method signature="checkout()[pri:0, instance:com.multisys.testcases.PlaceOrder@2a2843ec]" started-at="2021-04-26T15:48:33 SGT" name="checkout" finished-at="2021-04-26T15:48:36 SGT" duration-ms="3516" status="PASS">
          <reporter-output>
          </reporter-output>
        </test-method> <!-- checkout -->
        <test-method signature="enterBillingAddress(java.util.Hashtable)[pri:0, instance:com.multisys.testcases.PlaceOrder@2a2843ec]" started-at="2021-04-26T15:48:36 SGT" name="enterBillingAddress" data-provider="dp" finished-at="2021-04-26T15:48:51 SGT" duration-ms="14939" status="PASS">
          <params>
            <param index="0">
              <value>
                <![CDATA[{Barangay=Plainview, Order Notes=Helloooo, Email Address=daniella@gmail.com, First Name=daniella, House # & Street name=13 San Pedro, Company Name=xurpas, Phone Number=09669600049, runmode=N, City=Mandaluyong City, Country=Philippines, Postal Code=1552, Region=Metro Manila, Last Name=columbres}]]>
              </value>
            </param>
          </params>
          <reporter-output>
          </reporter-output>
        </test-method> <!-- enterBillingAddress -->
      </class> <!-- com.multisys.testcases.PlaceOrder -->
    </test> <!-- Place Order -->
    <test started-at="2021-04-26T15:48:51 SGT" name="Select Payment Method" finished-at="2021-04-26T15:48:56 SGT" duration-ms="4398">
      <class name="com.multisys.testcases.cash.PayThruCash">
        <test-method signature="payThruCash()[pri:0, instance:com.multisys.testcases.cash.PayThruCash@7c8d5312]" started-at="2021-04-26T15:48:51 SGT" name="payThruCash" finished-at="2021-04-26T15:48:56 SGT" duration-ms="4362" status="PASS">
          <reporter-output>
          </reporter-output>
        </test-method> <!-- payThruCash -->
      </class> <!-- com.multisys.testcases.cash.PayThruCash -->
    </test> <!-- Select Payment Method -->
    <test started-at="2021-04-26T15:48:56 SGT" name="Base Test" finished-at="2021-04-26T15:48:56 SGT" duration-ms="0">
      <class name="com.multisys.testcases.BaseTest">
        <test-method is-config="true" signature="tearDown()[pri:0, instance:com.multisys.testcases.BaseTest@56afdf9a]" started-at="2021-04-26T15:48:56 SGT" name="tearDown" finished-at="2021-04-26T15:49:03 SGT" duration-ms="7703" status="PASS">
          <reporter-output>
          </reporter-output>
        </test-method> <!-- tearDown -->
      </class> <!-- com.multisys.testcases.BaseTest -->
    </test> <!-- Base Test -->
  </suite> <!-- Test Suite -->
</testng-results>
