<?xml version="1.0" encoding="UTF-8"?>
<testsuite name="Place Order"
           tests="3"
           failures="0"
           errors="0"
           skipped="0"
           time="24.673">
  <properties />
  
  
            <testcase name="enterBillingAddress" time="14.939" classname="com.multisys.testcases.PlaceOrder" />
                <testcase name="addProductToCart" time="6.218" classname="com.multisys.testcases.PlaceOrder" />
                <testcase name="checkout" time="3.516" classname="com.multisys.testcases.PlaceOrder" />
      
</testsuite>
